Started GET "/" for 127.0.0.1 at 2022-05-17 12:19:48 -0400
  [1m[35m (2.2ms)[0m  [1m[34mSELECT sqlite_version(*)[0m
Processing by PagesController#welcome as HTML
Completed 406 Not Acceptable in 8ms (ActiveRecord: 0.0ms | Allocations: 3755)


  
ActionController::MissingExactTemplate (PagesController#welcome is missing a template for request formats: text/html):
  
actionpack (7.0.3) lib/action_controller/metal/implicit_render.rb:45:in `default_render'
actionpack (7.0.3) lib/action_controller/metal/basic_implicit_render.rb:6:in `block in send_action'
actionpack (7.0.3) lib/action_controller/metal/basic_implicit_render.rb:6:in `tap'
actionpack (7.0.3) lib/action_controller/metal/basic_implicit_render.rb:6:in `send_action'
actionpack (7.0.3) lib/abstract_controller/base.rb:215:in `process_action'
actionpack (7.0.3) lib/action_controller/metal/rendering.rb:53:in `process_action'
actionpack (7.0.3) lib/abstract_controller/callbacks.rb:234:in `block in process_action'
activesupport (7.0.3) lib/active_support/callbacks.rb:118:in `block in run_callbacks'
actiontext (7.0.3) lib/action_text/rendering.rb:20:in `with_renderer'
actiontext (7.0.3) lib/action_text/engine.rb:69:in `block (4 levels) in <class:Engine>'
activesupport (7.0.3) lib/active_support/callbacks.rb:127:in `instance_exec'
activesupport (7.0.3) lib/active_support/callbacks.rb:127:in `block in run_callbacks'
activesupport (7.0.3) lib/active_support/callbacks.rb:138:in `run_callbacks'
actionpack (7.0.3) lib/abstract_controller/callbacks.rb:233:in `process_action'
actionpack (7.0.3) lib/action_controller/metal/rescue.rb:22:in `process_action'
actionpack (7.0.3) lib/action_controller/metal/instrumentation.rb:67:in `block in process_action'
activesupport (7.0.3) lib/active_support/notifications.rb:206:in `block in instrument'
activesupport (7.0.3) lib/active_support/notifications/instrumenter.rb:24:in `instrument'
activesupport (7.0.3) lib/active_support/notifications.rb:206:in `instrument'
actionpack (7.0.3) lib/action_controller/metal/instrumentation.rb:66:in `process_action'
actionpack (7.0.3) lib/action_controller/metal/params_wrapper.rb:259:in `process_action'
activerecord (7.0.3) lib/active_record/railties/controller_runtime.rb:27:in `process_action'
actionpack (7.0.3) lib/abstract_controller/base.rb:151:in `process'
actionview (7.0.3) lib/action_view/rendering.rb:39:in `process'
actionpack (7.0.3) lib/action_controller/metal.rb:188:in `dispatch'
actionpack (7.0.3) lib/action_controller/metal.rb:251:in `dispatch'
actionpack (7.0.3) lib/action_dispatch/routing/route_set.rb:49:in `dispatch'
actionpack (7.0.3) lib/action_dispatch/routing/route_set.rb:32:in `serve'
actionpack (7.0.3) lib/action_dispatch/journey/router.rb:50:in `block in serve'
actionpack (7.0.3) lib/action_dispatch/journey/router.rb:32:in `each'
actionpack (7.0.3) lib/action_dispatch/journey/router.rb:32:in `serve'
actionpack (7.0.3) lib/action_dispatch/routing/route_set.rb:852:in `call'
rack (2.2.3) lib/rack/tempfile_reaper.rb:15:in `call'
rack (2.2.3) lib/rack/etag.rb:27:in `call'
rack (2.2.3) lib/rack/conditional_get.rb:27:in `call'
rack (2.2.3) lib/rack/head.rb:12:in `call'
actionpack (7.0.3) lib/action_dispatch/http/permissions_policy.rb:38:in `call'
actionpack (7.0.3) lib/action_dispatch/http/content_security_policy.rb:36:in `call'
rack (2.2.3) lib/rack/session/abstract/id.rb:266:in `context'
rack (2.2.3) lib/rack/session/abstract/id.rb:260:in `call'
actionpack (7.0.3) lib/action_dispatch/middleware/cookies.rb:697:in `call'
activerecord (7.0.3) lib/active_record/migration.rb:603:in `call'
actionpack (7.0.3) lib/action_dispatch/middleware/callbacks.rb:27:in `block in call'
activesupport (7.0.3) lib/active_support/callbacks.rb:99:in `run_callbacks'
actionpack (7.0.3) lib/action_dispatch/middleware/callbacks.rb:26:in `call'
actionpack (7.0.3) lib/action_dispatch/middleware/executor.rb:14:in `call'
actionpack (7.0.3) lib/action_dispatch/middleware/actionable_exceptions.rb:17:in `call'
actionpack (7.0.3) lib/action_dispatch/middleware/debug_exceptions.rb:28:in `call'
web-console (4.2.0) lib/web_console/middleware.rb:132:in `call_app'
web-console (4.2.0) lib/web_console/middleware.rb:28:in `block in call'
web-console (4.2.0) lib/web_console/middleware.rb:17:in `catch'
web-console (4.2.0) lib/web_console/middleware.rb:17:in `call'
actionpack (7.0.3) lib/action_dispatch/middleware/show_exceptions.rb:26:in `call'
railties (7.0.3) lib/rails/rack/logger.rb:40:in `call_app'
railties (7.0.3) lib/rails/rack/logger.rb:25:in `block in call'
activesupport (7.0.3) lib/active_support/tagged_logging.rb:114:in `block in tagged'
activesupport (7.0.3) lib/active_support/tagged_logging.rb:38:in `tagged'
activesupport (7.0.3) lib/active_support/tagged_logging.rb:114:in `tagged'
railties (7.0.3) lib/rails/rack/logger.rb:25:in `call'
sprockets-rails (3.4.2) lib/sprockets/rails/quiet_assets.rb:13:in `call'
actionpack (7.0.3) lib/action_dispatch/middleware/remote_ip.rb:93:in `call'
actionpack (7.0.3) lib/action_dispatch/middleware/request_id.rb:26:in `call'
rack (2.2.3) lib/rack/method_override.rb:24:in `call'
rack (2.2.3) lib/rack/runtime.rb:22:in `call'
activesupport (7.0.3) lib/active_support/cache/strategy/local_cache_middleware.rb:29:in `call'
actionpack (7.0.3) lib/action_dispatch/middleware/server_timing.rb:20:in `call'
actionpack (7.0.3) lib/action_dispatch/middleware/executor.rb:14:in `call'
actionpack (7.0.3) lib/action_dispatch/middleware/static.rb:23:in `call'
rack (2.2.3) lib/rack/sendfile.rb:110:in `call'
actionpack (7.0.3) lib/action_dispatch/middleware/host_authorization.rb:137:in `call'
railties (7.0.3) lib/rails/engine.rb:530:in `call'
puma (5.6.4) lib/puma/configuration.rb:252:in `call'
puma (5.6.4) lib/puma/request.rb:77:in `block in handle_request'
puma (5.6.4) lib/puma/thread_pool.rb:340:in `with_force_shutdown'
puma (5.6.4) lib/puma/request.rb:76:in `handle_request'
puma (5.6.4) lib/puma/server.rb:441:in `process_client'
puma (5.6.4) lib/puma/thread_pool.rb:147:in `block in spawn_thread'
Started GET "/" for 127.0.0.1 at 2022-05-17 12:26:38 -0400
  [1m[35m (1.0ms)[0m  [1m[34mSELECT sqlite_version(*)[0m
Processing by PagesController#welcome as HTML
Completed 406 Not Acceptable in 5ms (ActiveRecord: 0.0ms | Allocations: 3228)


  
ActionController::MissingExactTemplate (PagesController#welcome is missing a template for request formats: text/html):
  
actionpack (7.0.3) lib/action_controller/metal/implicit_render.rb:45:in `default_render'
actionpack (7.0.3) lib/action_controller/metal/basic_implicit_render.rb:6:in `block in send_action'
actionpack (7.0.3) lib/action_controller/metal/basic_implicit_render.rb:6:in `tap'
actionpack (7.0.3) lib/action_controller/metal/basic_implicit_render.rb:6:in `send_action'
actionpack (7.0.3) lib/abstract_controller/base.rb:215:in `process_action'
actionpack (7.0.3) lib/action_controller/metal/rendering.rb:53:in `process_action'
actionpack (7.0.3) lib/abstract_controller/callbacks.rb:234:in `block in process_action'
activesupport (7.0.3) lib/active_support/callbacks.rb:118:in `block in run_callbacks'
actiontext (7.0.3) lib/action_text/rendering.rb:20:in `with_renderer'
actiontext (7.0.3) lib/action_text/engine.rb:69:in `block (4 levels) in <class:Engine>'
activesupport (7.0.3) lib/active_support/callbacks.rb:127:in `instance_exec'
activesupport (7.0.3) lib/active_support/callbacks.rb:127:in `block in run_callbacks'
activesupport (7.0.3) lib/active_support/callbacks.rb:138:in `run_callbacks'
actionpack (7.0.3) lib/abstract_controller/callbacks.rb:233:in `process_action'
actionpack (7.0.3) lib/action_controller/metal/rescue.rb:22:in `process_action'
actionpack (7.0.3) lib/action_controller/metal/instrumentation.rb:67:in `block in process_action'
activesupport (7.0.3) lib/active_support/notifications.rb:206:in `block in instrument'
activesupport (7.0.3) lib/active_support/notifications/instrumenter.rb:24:in `instrument'
activesupport (7.0.3) lib/active_support/notifications.rb:206:in `instrument'
actionpack (7.0.3) lib/action_controller/metal/instrumentation.rb:66:in `process_action'
actionpack (7.0.3) lib/action_controller/metal/params_wrapper.rb:259:in `process_action'
activerecord (7.0.3) lib/active_record/railties/controller_runtime.rb:27:in `process_action'
actionpack (7.0.3) lib/abstract_controller/base.rb:151:in `process'
actionview (7.0.3) lib/action_view/rendering.rb:39:in `process'
actionpack (7.0.3) lib/action_controller/metal.rb:188:in `dispatch'
actionpack (7.0.3) lib/action_controller/metal.rb:251:in `dispatch'
actionpack (7.0.3) lib/action_dispatch/routing/route_set.rb:49:in `dispatch'
actionpack (7.0.3) lib/action_dispatch/routing/route_set.rb:32:in `serve'
actionpack (7.0.3) lib/action_dispatch/journey/router.rb:50:in `block in serve'
actionpack (7.0.3) lib/action_dispatch/journey/router.rb:32:in `each'
actionpack (7.0.3) lib/action_dispatch/journey/router.rb:32:in `serve'
actionpack (7.0.3) lib/action_dispatch/routing/route_set.rb:852:in `call'
rack (2.2.3) lib/rack/tempfile_reaper.rb:15:in `call'
rack (2.2.3) lib/rack/etag.rb:27:in `call'
rack (2.2.3) lib/rack/conditional_get.rb:27:in `call'
rack (2.2.3) lib/rack/head.rb:12:in `call'
actionpack (7.0.3) lib/action_dispatch/http/permissions_policy.rb:38:in `call'
actionpack (7.0.3) lib/action_dispatch/http/content_security_policy.rb:36:in `call'
rack (2.2.3) lib/rack/session/abstract/id.rb:266:in `context'
rack (2.2.3) lib/rack/session/abstract/id.rb:260:in `call'
actionpack (7.0.3) lib/action_dispatch/middleware/cookies.rb:697:in `call'
activerecord (7.0.3) lib/active_record/migration.rb:603:in `call'
actionpack (7.0.3) lib/action_dispatch/middleware/callbacks.rb:27:in `block in call'
activesupport (7.0.3) lib/active_support/callbacks.rb:99:in `run_callbacks'
actionpack (7.0.3) lib/action_dispatch/middleware/callbacks.rb:26:in `call'
actionpack (7.0.3) lib/action_dispatch/middleware/executor.rb:14:in `call'
actionpack (7.0.3) lib/action_dispatch/middleware/actionable_exceptions.rb:17:in `call'
actionpack (7.0.3) lib/action_dispatch/middleware/debug_exceptions.rb:28:in `call'
web-console (4.2.0) lib/web_console/middleware.rb:132:in `call_app'
web-console (4.2.0) lib/web_console/middleware.rb:28:in `block in call'
web-console (4.2.0) lib/web_console/middleware.rb:17:in `catch'
web-console (4.2.0) lib/web_console/middleware.rb:17:in `call'
actionpack (7.0.3) lib/action_dispatch/middleware/show_exceptions.rb:26:in `call'
railties (7.0.3) lib/rails/rack/logger.rb:40:in `call_app'
railties (7.0.3) lib/rails/rack/logger.rb:25:in `block in call'
activesupport (7.0.3) lib/active_support/tagged_logging.rb:114:in `block in tagged'
activesupport (7.0.3) lib/active_support/tagged_logging.rb:38:in `tagged'
activesupport (7.0.3) lib/active_support/tagged_logging.rb:114:in `tagged'
railties (7.0.3) lib/rails/rack/logger.rb:25:in `call'
sprockets-rails (3.4.2) lib/sprockets/rails/quiet_assets.rb:13:in `call'
actionpack (7.0.3) lib/action_dispatch/middleware/remote_ip.rb:93:in `call'
actionpack (7.0.3) lib/action_dispatch/middleware/request_id.rb:26:in `call'
rack (2.2.3) lib/rack/method_override.rb:24:in `call'
rack (2.2.3) lib/rack/runtime.rb:22:in `call'
activesupport (7.0.3) lib/active_support/cache/strategy/local_cache_middleware.rb:29:in `call'
actionpack (7.0.3) lib/action_dispatch/middleware/server_timing.rb:20:in `call'
actionpack (7.0.3) lib/action_dispatch/middleware/executor.rb:14:in `call'
actionpack (7.0.3) lib/action_dispatch/middleware/static.rb:23:in `call'
rack (2.2.3) lib/rack/sendfile.rb:110:in `call'
actionpack (7.0.3) lib/action_dispatch/middleware/host_authorization.rb:137:in `call'
railties (7.0.3) lib/rails/engine.rb:530:in `call'
puma (5.6.4) lib/puma/configuration.rb:252:in `call'
puma (5.6.4) lib/puma/request.rb:77:in `block in handle_request'
puma (5.6.4) lib/puma/thread_pool.rb:340:in `with_force_shutdown'
puma (5.6.4) lib/puma/request.rb:76:in `handle_request'
puma (5.6.4) lib/puma/server.rb:441:in `process_client'
puma (5.6.4) lib/puma/thread_pool.rb:147:in `block in spawn_thread'
Started GET "/" for 127.0.0.1 at 2022-05-17 12:47:57 -0400
  [1m[35m (1.0ms)[0m  [1m[34mSELECT sqlite_version(*)[0m
Processing by PagesController#welcome as HTML
  Rendering layout layouts/application.html.erb
  Rendering pages/welcome.html.erb within layouts/application
  Rendered pages/welcome.html.erb within layouts/application (Duration: 1.0ms | Allocations: 331)
  Rendered layout layouts/application.html.erb (Duration: 29.4ms | Allocations: 7054)
Completed 500 Internal Server Error in 40ms (ActiveRecord: 0.0ms | Allocations: 11753)


  
LoadError (cannot load such file -- sassc):
  
app/views/layouts/application.html.erb:32
Started GET "/" for 127.0.0.1 at 2022-05-17 12:49:14 -0400
Processing by PagesController#welcome as HTML
  Rendering layout layouts/application.html.erb
  Rendering pages/welcome.html.erb within layouts/application
  Rendered pages/welcome.html.erb within layouts/application (Duration: 0.4ms | Allocations: 144)
  Rendered layout layouts/application.html.erb (Duration: 19.5ms | Allocations: 6482)
Completed 500 Internal Server Error in 22ms (ActiveRecord: 0.0ms | Allocations: 7367)


  
LoadError (cannot load such file -- sassc):
  
app/views/layouts/application.html.erb:32
Started GET "/" for 127.0.0.1 at 2022-05-17 12:49:21 -0400
Processing by PagesController#welcome as HTML
  Rendering layout layouts/application.html.erb
  Rendering pages/welcome.html.erb within layouts/application
  Rendered pages/welcome.html.erb within layouts/application (Duration: 0.5ms | Allocations: 141)
  Rendered layout layouts/application.html.erb (Duration: 5.8ms | Allocations: 2806)
Completed 500 Internal Server Error in 8ms (ActiveRecord: 0.0ms | Allocations: 3686)


  
LoadError (cannot load such file -- sassc):
  
app/views/layouts/application.html.erb:32
Started GET "/" for 127.0.0.1 at 2022-05-17 12:49:30 -0400
Processing by PagesController#welcome as HTML
  Rendering layout layouts/application.html.erb
  Rendering pages/welcome.html.erb within layouts/application
  Rendered pages/welcome.html.erb within layouts/application (Duration: 0.4ms | Allocations: 141)
  Rendered layout layouts/application.html.erb (Duration: 0.9ms | Allocations: 411)
Completed 200 OK in 3ms (Views: 2.5ms | ActiveRecord: 0.0ms | Allocations: 1333)


Started GET "/" for 127.0.0.1 at 2022-05-17 12:49:42 -0400
Processing by PagesController#welcome as HTML
  Rendering layout layouts/application.html.erb
  Rendering pages/welcome.html.erb within layouts/application
  Rendered pages/welcome.html.erb within layouts/application (Duration: 0.0ms | Allocations: 15)
  Rendered layout layouts/application.html.erb (Duration: 0.2ms | Allocations: 104)
Completed 200 OK in 1ms (Views: 0.7ms | ActiveRecord: 0.0ms | Allocations: 358)


Started GET "/" for 127.0.0.1 at 2022-05-17 12:49:43 -0400
Processing by PagesController#welcome as HTML
  Rendering layout layouts/application.html.erb
  Rendering pages/welcome.html.erb within layouts/application
  Rendered pages/welcome.html.erb within layouts/application (Duration: 0.0ms | Allocations: 15)
  Rendered layout layouts/application.html.erb (Duration: 0.3ms | Allocations: 104)
Completed 200 OK in 1ms (Views: 0.6ms | ActiveRecord: 0.0ms | Allocations: 357)


Started GET "/" for 127.0.0.1 at 2022-05-17 12:49:49 -0400
Processing by PagesController#welcome as HTML
  Rendering layout layouts/application.html.erb
  Rendering pages/welcome.html.erb within layouts/application
  Rendered pages/welcome.html.erb within layouts/application (Duration: 0.4ms | Allocations: 141)
  Rendered layout layouts/application.html.erb (Duration: 17.6ms | Allocations: 6441)
Completed 500 Internal Server Error in 20ms (ActiveRecord: 0.0ms | Allocations: 7321)


  
LoadError (cannot load such file -- sassc):
  
app/views/layouts/application.html.erb:32
Started GET "/" for 127.0.0.1 at 2022-05-17 12:52:05 -0400
Processing by PagesController#welcome as HTML
  Rendering layout layouts/application.html.erb
  Rendering pages/welcome.html.erb within layouts/application
  Rendered pages/welcome.html.erb within layouts/application (Duration: 0.7ms | Allocations: 141)
  Rendered layout layouts/application.html.erb (Duration: 19.4ms | Allocations: 6443)
Completed 500 Internal Server Error in 22ms (ActiveRecord: 0.0ms | Allocations: 7324)


  
LoadError (cannot load such file -- sassc):
  
app/views/layouts/application.html.erb:32
Started GET "/" for 127.0.0.1 at 2022-05-17 12:52:09 -0400
Processing by PagesController#welcome as HTML
  Rendering layout layouts/application.html.erb
  Rendering pages/welcome.html.erb within layouts/application
  Rendered pages/welcome.html.erb within layouts/application (Duration: 0.4ms | Allocations: 141)
  Rendered layout layouts/application.html.erb (Duration: 5.2ms | Allocations: 2801)
Completed 500 Internal Server Error in 8ms (ActiveRecord: 0.0ms | Allocations: 3681)


  
LoadError (cannot load such file -- sassc):
  
app/views/layouts/application.html.erb:32
Started GET "/" for 127.0.0.1 at 2022-05-17 12:52:18 -0400
Processing by PagesController#welcome as HTML
  Rendering layout layouts/application.html.erb
  Rendering pages/welcome.html.erb within layouts/application
  Rendered pages/welcome.html.erb within layouts/application (Duration: 0.5ms | Allocations: 141)
  Rendered layout layouts/application.html.erb (Duration: 5.5ms | Allocations: 2804)
Completed 500 Internal Server Error in 8ms (ActiveRecord: 0.0ms | Allocations: 3684)


  
LoadError (cannot load such file -- sassc):
  
app/views/layouts/application.html.erb:32
Started GET "/" for 127.0.0.1 at 2022-05-17 12:52:32 -0400
Processing by PagesController#welcome as HTML
  Rendering layout layouts/application.html.erb
  Rendering pages/welcome.html.erb within layouts/application
  Rendered pages/welcome.html.erb within layouts/application (Duration: 0.4ms | Allocations: 141)
  Rendered layout layouts/application.html.erb (Duration: 1.5ms | Allocations: 673)
Completed 200 OK in 4ms (Views: 3.1ms | ActiveRecord: 0.0ms | Allocations: 1581)


Started GET "/" for 127.0.0.1 at 2022-05-17 12:52:36 -0400
Processing by PagesController#welcome as HTML
  Rendering layout layouts/application.html.erb
  Rendering pages/welcome.html.erb within layouts/application
  Rendered pages/welcome.html.erb within layouts/application (Duration: 0.4ms | Allocations: 141)
  Rendered layout layouts/application.html.erb (Duration: 5.2ms | Allocations: 2886)
Completed 500 Internal Server Error in 7ms (ActiveRecord: 0.0ms | Allocations: 3766)


  
LoadError (cannot load such file -- sassc):
  
app/views/layouts/application.html.erb:32
Started GET "/" for 127.0.0.1 at 2022-05-17 12:53:53 -0400
  [1m[35m (0.8ms)[0m  [1m[34mSELECT sqlite_version(*)[0m
Processing by PagesController#welcome as HTML
  Rendering layout layouts/application.html.erb
  Rendering pages/welcome.html.erb within layouts/application
  Rendered pages/welcome.html.erb within layouts/application (Duration: 0.8ms | Allocations: 331)
  Rendered layout layouts/application.html.erb (Duration: 9.8ms | Allocations: 3421)
Completed 500 Internal Server Error in 19ms (ActiveRecord: 0.0ms | Allocations: 8120)


  
LoadError (cannot load such file -- sassc):
  
app/views/layouts/application.html.erb:32
Started GET "/" for 127.0.0.1 at 2022-05-17 12:55:21 -0400
Processing by PagesController#welcome as HTML
  Rendering layout layouts/application.html.erb
  Rendering pages/welcome.html.erb within layouts/application
  Rendered pages/welcome.html.erb within layouts/application (Duration: 0.5ms | Allocations: 141)
  Rendered layout layouts/application.html.erb (Duration: 1.2ms | Allocations: 411)
Completed 200 OK in 4ms (Views: 2.7ms | ActiveRecord: 0.0ms | Allocations: 1333)


Started GET "/" for 127.0.0.1 at 2022-05-17 12:55:33 -0400
Processing by PagesController#welcome as HTML
  Rendering layout layouts/application.html.erb
  Rendering pages/welcome.html.erb within layouts/application
  Rendered pages/welcome.html.erb within layouts/application (Duration: 0.7ms | Allocations: 141)
  Rendered layout layouts/application.html.erb (Duration: 1.4ms | Allocations: 411)
Completed 200 OK in 4ms (Views: 3.2ms | ActiveRecord: 0.0ms | Allocations: 1324)


Started GET "/" for 127.0.0.1 at 2022-05-17 12:57:02 -0400
Processing by PagesController#welcome as HTML
  Rendering layout layouts/application.html.erb
  Rendering pages/welcome.html.erb within layouts/application
  Rendered pages/welcome.html.erb within layouts/application (Duration: 0.4ms | Allocations: 146)
  Rendered layout layouts/application.html.erb (Duration: 1.1ms | Allocations: 415)
Completed 200 OK in 3ms (Views: 2.6ms | ActiveRecord: 0.0ms | Allocations: 1328)


Started GET "/" for 127.0.0.1 at 2022-05-17 12:58:19 -0400
Processing by PagesController#welcome as HTML
  Rendering layout layouts/application.html.erb
  Rendering pages/welcome.html.erb within layouts/application
  Rendered pages/welcome.html.erb within layouts/application (Duration: 0.5ms | Allocations: 148)
  Rendered layout layouts/application.html.erb (Duration: 1.2ms | Allocations: 416)
Completed 200 OK in 4ms (Views: 3.1ms | ActiveRecord: 0.0ms | Allocations: 1324)


Started GET "/" for 127.0.0.1 at 2022-05-17 12:59:00 -0400
Processing by PagesController#welcome as HTML
  Rendering layout layouts/application.html.erb
  Rendering pages/welcome.html.erb within layouts/application
  Rendered pages/welcome.html.erb within layouts/application (Duration: 0.5ms | Allocations: 150)
  Rendered layout layouts/application.html.erb (Duration: 1.2ms | Allocations: 418)
Completed 200 OK in 4ms (Views: 2.7ms | ActiveRecord: 0.0ms | Allocations: 1326)


Started GET "/" for 127.0.0.1 at 2022-05-17 13:01:15 -0400
Processing by PagesController#welcome as HTML
  Rendering layout layouts/application.html.erb
  Rendering pages/welcome.html.erb within layouts/application
  Rendered pages/welcome.html.erb within layouts/application (Duration: 0.5ms | Allocations: 150)
  Rendered layout layouts/application.html.erb (Duration: 1.0ms | Allocations: 419)
Completed 200 OK in 3ms (Views: 2.6ms | Allocations: 1332)


Started GET "/" for 127.0.0.1 at 2022-05-17 13:02:20 -0400
Processing by PagesController#welcome as HTML
  Rendering layout layouts/application.html.erb
  Rendering pages/welcome.html.erb within layouts/application
  Rendered pages/welcome.html.erb within layouts/application (Duration: 0.4ms | Allocations: 152)
  Rendered layout layouts/application.html.erb (Duration: 1.1ms | Allocations: 420)
Completed 200 OK in 3ms (Views: 2.6ms | Allocations: 1328)


Started GET "/" for 127.0.0.1 at 2022-05-17 13:03:07 -0400
Processing by PagesController#welcome as HTML
  Rendering layout layouts/application.html.erb
  Rendering pages/welcome.html.erb within layouts/application
  Rendered pages/welcome.html.erb within layouts/application (Duration: 0.4ms | Allocations: 152)
  Rendered layout layouts/application.html.erb (Duration: 1.2ms | Allocations: 420)
Completed 200 OK in 4ms (Views: 3.3ms | Allocations: 1328)


Started GET "/" for 127.0.0.1 at 2022-05-17 13:03:08 -0400
Processing by PagesController#welcome as HTML
  Rendering layout layouts/application.html.erb
  Rendering pages/welcome.html.erb within layouts/application
  Rendered pages/welcome.html.erb within layouts/application (Duration: 0.0ms | Allocations: 15)
  Rendered layout layouts/application.html.erb (Duration: 0.2ms | Allocations: 103)
Completed 200 OK in 1ms (Views: 0.6ms | Allocations: 353)


Started GET "/" for 127.0.0.1 at 2022-05-17 13:06:27 -0400
Processing by PagesController#welcome as HTML
  Rendering layout layouts/application.html.erb
  Rendering pages/welcome.html.erb within layouts/application
  Rendered pages/welcome.html.erb within layouts/application (Duration: 0.4ms | Allocations: 165)
  Rendered layout layouts/application.html.erb (Duration: 1.0ms | Allocations: 433)
Completed 200 OK in 3ms (Views: 2.4ms | Allocations: 1342)


Started GET "/" for 127.0.0.1 at 2022-05-17 13:07:12 -0400
Processing by PagesController#welcome as HTML
  Rendering layout layouts/application.html.erb
  Rendering pages/welcome.html.erb within layouts/application
  Rendered pages/welcome.html.erb within layouts/application (Duration: 0.5ms | Allocations: 162)
  Rendered layout layouts/application.html.erb (Duration: 1.0ms | Allocations: 430)
Completed 200 OK in 3ms (Views: 2.6ms | Allocations: 1338)


Started GET "/" for 127.0.0.1 at 2022-05-17 13:07:46 -0400
Processing by PagesController#welcome as HTML
  Rendering layout layouts/application.html.erb
  Rendering pages/welcome.html.erb within layouts/application
  Rendered pages/welcome.html.erb within layouts/application (Duration: 0.4ms | Allocations: 161)
  Rendered layout layouts/application.html.erb (Duration: 0.9ms | Allocations: 429)
Completed 200 OK in 3ms (Views: 2.4ms | Allocations: 1337)


Started GET "/" for 127.0.0.1 at 2022-05-17 13:09:32 -0400
Processing by PagesController#welcome as HTML
  Rendering layout layouts/application.html.erb
  Rendering pages/welcome.html.erb within layouts/application
  Rendered pages/welcome.html.erb within layouts/application (Duration: 0.5ms | Allocations: 159)
  Rendered layout layouts/application.html.erb (Duration: 2.6ms | Allocations: 427)
Completed 200 OK in 7ms (Views: 5.7ms | Allocations: 1335)


Started GET "/" for 127.0.0.1 at 2022-05-17 13:09:57 -0400
Processing by PagesController#welcome as HTML
  Rendering layout layouts/application.html.erb
  Rendering pages/welcome.html.erb within layouts/application
  Rendered pages/welcome.html.erb within layouts/application (Duration: 0.5ms | Allocations: 159)
  Rendered layout layouts/application.html.erb (Duration: 1.1ms | Allocations: 427)
Completed 200 OK in 4ms (Views: 2.8ms | Allocations: 1335)


Started GET "/" for 127.0.0.1 at 2022-05-17 13:37:33 -0400
Processing by PagesController#welcome as HTML
  Rendering layout layouts/application.html.erb
  Rendering pages/welcome.html.erb within layouts/application
  Rendered pages/welcome.html.erb within layouts/application (Duration: 0.5ms | Allocations: 231)
  Rendered layout layouts/application.html.erb (Duration: 1.4ms | Allocations: 499)
Completed 200 OK in 5ms (Views: 3.7ms | Allocations: 1407)


Started GET "/" for 127.0.0.1 at 2022-05-17 13:37:57 -0400
Processing by PagesController#welcome as HTML
  Rendering layout layouts/application.html.erb
  Rendering pages/welcome.html.erb within layouts/application
  Rendered pages/welcome.html.erb within layouts/application (Duration: 0.5ms | Allocations: 229)
  Rendered layout layouts/application.html.erb (Duration: 1.1ms | Allocations: 497)
Completed 200 OK in 4ms (Views: 3.1ms | Allocations: 1405)


Started GET "/" for 127.0.0.1 at 2022-05-17 13:42:08 -0400
Processing by PagesController#welcome as HTML
  Rendering layout layouts/application.html.erb
  Rendering pages/welcome.html.erb within layouts/application
  Rendered pages/welcome.html.erb within layouts/application (Duration: 0.9ms | Allocations: 228)
  Rendered layout layouts/application.html.erb (Duration: 1.7ms | Allocations: 525)
Completed 200 OK in 5ms (Views: 4.2ms | Allocations: 1433)


Started GET "/" for 127.0.0.1 at 2022-05-17 13:42:41 -0400
Processing by PagesController#welcome as HTML
  Rendering layout layouts/application.html.erb
  Rendering pages/welcome.html.erb within layouts/application
  Rendered pages/welcome.html.erb within layouts/application (Duration: 0.7ms | Allocations: 269)
  Rendered layout layouts/application.html.erb (Duration: 1.5ms | Allocations: 565)
Completed 200 OK in 4ms (Views: 3.2ms | Allocations: 1473)


Started GET "/" for 127.0.0.1 at 2022-05-17 13:43:03 -0400
Processing by PagesController#welcome as HTML
  Rendering layout layouts/application.html.erb
  Rendering pages/welcome.html.erb within layouts/application
  Rendered pages/welcome.html.erb within layouts/application (Duration: 0.6ms | Allocations: 269)
  Rendered layout layouts/application.html.erb (Duration: 1.3ms | Allocations: 565)
Completed 200 OK in 4ms (Views: 2.9ms | Allocations: 1473)


Started GET "/" for 127.0.0.1 at 2022-05-17 13:43:25 -0400
Processing by PagesController#welcome as HTML
  Rendering layout layouts/application.html.erb
  Rendering pages/welcome.html.erb within layouts/application
  Rendered pages/welcome.html.erb within layouts/application (Duration: 0.5ms | Allocations: 269)
  Rendered layout layouts/application.html.erb (Duration: 1.1ms | Allocations: 565)
Completed 200 OK in 3ms (Views: 2.7ms | Allocations: 1473)


Started GET "/" for 127.0.0.1 at 2022-05-17 13:43:37 -0400
Processing by PagesController#welcome as HTML
  Rendering layout layouts/application.html.erb
  Rendering pages/welcome.html.erb within layouts/application
  Rendered pages/welcome.html.erb within layouts/application (Duration: 0.7ms | Allocations: 265)
  Rendered layout layouts/application.html.erb (Duration: 1.4ms | Allocations: 561)
Completed 200 OK in 4ms (Views: 3.3ms | Allocations: 1469)


Started GET "/" for 127.0.0.1 at 2022-05-17 13:43:43 -0400
Processing by PagesController#welcome as HTML
  Rendering layout layouts/application.html.erb
  Rendering pages/welcome.html.erb within layouts/application
  Rendered pages/welcome.html.erb within layouts/application (Duration: 0.0ms | Allocations: 15)
  Rendered layout layouts/application.html.erb (Duration: 0.2ms | Allocations: 103)
Completed 200 OK in 1ms (Views: 0.6ms | Allocations: 353)


Started GET "/" for 127.0.0.1 at 2022-05-17 13:43:46 -0400
Processing by PagesController#welcome as HTML
  Rendering layout layouts/application.html.erb
  Rendering pages/welcome.html.erb within layouts/application
  Rendered pages/welcome.html.erb within layouts/application (Duration: 0.1ms | Allocations: 15)
  Rendered layout layouts/application.html.erb (Duration: 0.4ms | Allocations: 103)
Completed 200 OK in 1ms (Views: 1.0ms | Allocations: 352)


Started GET "/" for 127.0.0.1 at 2022-05-17 13:43:51 -0400
Processing by PagesController#welcome as HTML
  Rendering layout layouts/application.html.erb
  Rendering pages/welcome.html.erb within layouts/application
  Rendered pages/welcome.html.erb within layouts/application (Duration: 0.5ms | Allocations: 268)
  Rendered layout layouts/application.html.erb (Duration: 1.3ms | Allocations: 564)
Completed 200 OK in 4ms (Views: 2.9ms | Allocations: 1472)


Started GET "/" for 127.0.0.1 at 2022-05-17 13:45:49 -0400
Processing by PagesController#welcome as HTML
  Rendering layout layouts/application.html.erb
  Rendering pages/welcome.html.erb within layouts/application
  Rendered pages/welcome.html.erb within layouts/application (Duration: 0.6ms | Allocations: 249)
  Rendered layout layouts/application.html.erb (Duration: 1.5ms | Allocations: 545)
Completed 200 OK in 4ms (Views: 3.6ms | Allocations: 1453)


Started GET "/" for 127.0.0.1 at 2022-05-17 13:46:04 -0400
Processing by PagesController#welcome as HTML
  Rendering layout layouts/application.html.erb
  Rendering pages/welcome.html.erb within layouts/application
  Rendered pages/welcome.html.erb within layouts/application (Duration: 0.1ms | Allocations: 15)
  Rendered layout layouts/application.html.erb (Duration: 0.2ms | Allocations: 103)
Completed 200 OK in 1ms (Views: 0.7ms | Allocations: 353)


Started GET "/" for 127.0.0.1 at 2022-05-17 13:48:13 -0400
Processing by PagesController#welcome as HTML
  Rendering layout layouts/application.html.erb
  Rendering pages/welcome.html.erb within layouts/application
  Rendered pages/welcome.html.erb within layouts/application (Duration: 0.5ms | Allocations: 256)
  Rendered layout layouts/application.html.erb (Duration: 2.2ms | Allocations: 552)
Completed 200 OK in 6ms (Views: 4.7ms | Allocations: 1461)


Started GET "/" for 127.0.0.1 at 2022-05-17 13:49:00 -0400
Processing by PagesController#welcome as HTML
  Rendering layout layouts/application.html.erb
  Rendering pages/welcome.html.erb within layouts/application
  Rendered pages/welcome.html.erb within layouts/application (Duration: 0.5ms | Allocations: 251)
  Rendered layout layouts/application.html.erb (Duration: 1.3ms | Allocations: 547)
Completed 200 OK in 4ms (Views: 3.0ms | Allocations: 1455)


Started GET "/" for 127.0.0.1 at 2022-05-17 13:49:02 -0400
Processing by PagesController#welcome as HTML
  Rendering layout layouts/application.html.erb
  Rendering pages/welcome.html.erb within layouts/application
  Rendered pages/welcome.html.erb within layouts/application (Duration: 0.1ms | Allocations: 15)
  Rendered layout layouts/application.html.erb (Duration: 0.3ms | Allocations: 103)
Completed 200 OK in 1ms (Views: 0.7ms | Allocations: 353)


Started GET "/" for 127.0.0.1 at 2022-05-17 13:49:05 -0400
Processing by PagesController#welcome as HTML
  Rendering layout layouts/application.html.erb
  Rendering pages/welcome.html.erb within layouts/application
  Rendered pages/welcome.html.erb within layouts/application (Duration: 0.6ms | Allocations: 250)
  Rendered layout layouts/application.html.erb (Duration: 1.2ms | Allocations: 546)
Completed 200 OK in 4ms (Views: 3.2ms | Allocations: 1454)


Started GET "/" for 127.0.0.1 at 2022-05-17 13:49:05 -0400
Processing by PagesController#welcome as HTML
  Rendering layout layouts/application.html.erb
  Rendering pages/welcome.html.erb within layouts/application
  Rendered pages/welcome.html.erb within layouts/application (Duration: 0.0ms | Allocations: 15)
  Rendered layout layouts/application.html.erb (Duration: 0.3ms | Allocations: 103)
Completed 200 OK in 1ms (Views: 0.7ms | Allocations: 353)


Started GET "/" for 127.0.0.1 at 2022-05-17 13:49:06 -0400
Processing by PagesController#welcome as HTML
  Rendering layout layouts/application.html.erb
  Rendering pages/welcome.html.erb within layouts/application
  Rendered pages/welcome.html.erb within layouts/application (Duration: 0.1ms | Allocations: 15)
  Rendered layout layouts/application.html.erb (Duration: 0.4ms | Allocations: 103)
Completed 200 OK in 1ms (Views: 0.8ms | Allocations: 352)


Started GET "/" for 127.0.0.1 at 2022-05-17 13:49:12 -0400
Processing by PagesController#welcome as HTML
  Rendering layout layouts/application.html.erb
  Rendering pages/welcome.html.erb within layouts/application
  Rendered pages/welcome.html.erb within layouts/application (Duration: 0.7ms | Allocations: 250)
  Rendered layout layouts/application.html.erb (Duration: 1.4ms | Allocations: 546)
Completed 200 OK in 5ms (Views: 3.4ms | Allocations: 1454)


Started GET "/" for 127.0.0.1 at 2022-05-17 13:49:21 -0400
Processing by PagesController#welcome as HTML
  Rendering layout layouts/application.html.erb
  Rendering pages/welcome.html.erb within layouts/application
  Rendered pages/welcome.html.erb within layouts/application (Duration: 0.6ms | Allocations: 255)
  Rendered layout layouts/application.html.erb (Duration: 1.3ms | Allocations: 551)
Completed 200 OK in 4ms (Views: 3.2ms | Allocations: 1459)


Started GET "/" for 127.0.0.1 at 2022-05-17 13:49:39 -0400
Processing by PagesController#welcome as HTML
  Rendering layout layouts/application.html.erb
  Rendering pages/welcome.html.erb within layouts/application
  Rendered pages/welcome.html.erb within layouts/application (Duration: 0.7ms | Allocations: 259)
  Rendered layout layouts/application.html.erb (Duration: 1.6ms | Allocations: 555)
Completed 200 OK in 4ms (Views: 3.2ms | Allocations: 1463)


Started GET "/" for 127.0.0.1 at 2022-05-17 13:49:40 -0400
Processing by PagesController#welcome as HTML
  Rendering layout layouts/application.html.erb
  Rendering pages/welcome.html.erb within layouts/application
  Rendered pages/welcome.html.erb within layouts/application (Duration: 0.1ms | Allocations: 15)
  Rendered layout layouts/application.html.erb (Duration: 0.4ms | Allocations: 103)
Completed 200 OK in 1ms (Views: 0.8ms | Allocations: 353)


Started GET "/" for 127.0.0.1 at 2022-05-17 13:49:47 -0400
Processing by PagesController#welcome as HTML
  Rendering layout layouts/application.html.erb
  Rendering pages/welcome.html.erb within layouts/application
  Rendered pages/welcome.html.erb within layouts/application (Duration: 0.0ms | Allocations: 15)
  Rendered layout layouts/application.html.erb (Duration: 0.2ms | Allocations: 103)
Completed 200 OK in 1ms (Views: 0.6ms | Allocations: 352)


Started GET "/" for 127.0.0.1 at 2022-05-17 13:50:10 -0400
Processing by PagesController#welcome as HTML
  Rendering layout layouts/application.html.erb
  Rendering pages/welcome.html.erb within layouts/application
  Rendered pages/welcome.html.erb within layouts/application (Duration: 0.0ms | Allocations: 15)
  Rendered layout layouts/application.html.erb (Duration: 0.2ms | Allocations: 103)
Completed 200 OK in 1ms (Views: 0.5ms | Allocations: 352)


Started GET "/" for 127.0.0.1 at 2022-05-17 13:50:16 -0400
Processing by PagesController#welcome as HTML
  Rendering layout layouts/application.html.erb
  Rendering pages/welcome.html.erb within layouts/application
  Rendered pages/welcome.html.erb within layouts/application (Duration: 0.5ms | Allocations: 268)
  Rendered layout layouts/application.html.erb (Duration: 1.2ms | Allocations: 564)
Completed 200 OK in 4ms (Views: 2.8ms | Allocations: 1472)


Started GET "/" for 127.0.0.1 at 2022-05-17 13:50:29 -0400
Processing by PagesController#welcome as HTML
  Rendering layout layouts/application.html.erb
  Rendering pages/welcome.html.erb within layouts/application
  Rendered pages/welcome.html.erb within layouts/application (Duration: 0.5ms | Allocations: 249)
  Rendered layout layouts/application.html.erb (Duration: 1.3ms | Allocations: 545)
Completed 200 OK in 4ms (Views: 3.0ms | Allocations: 1453)


Started GET "/" for 127.0.0.1 at 2022-05-17 13:50:40 -0400
Processing by PagesController#welcome as HTML
  Rendering layout layouts/application.html.erb
  Rendering pages/welcome.html.erb within layouts/application
  Rendered pages/welcome.html.erb within layouts/application (Duration: 0.5ms | Allocations: 255)
  Rendered layout layouts/application.html.erb (Duration: 1.2ms | Allocations: 551)
Completed 200 OK in 4ms (Views: 2.9ms | Allocations: 1459)


Started GET "/" for 127.0.0.1 at 2022-05-17 13:50:57 -0400
Processing by PagesController#welcome as HTML
  Rendering layout layouts/application.html.erb
  Rendering pages/welcome.html.erb within layouts/application
  Rendered pages/welcome.html.erb within layouts/application (Duration: 0.6ms | Allocations: 255)
  Rendered layout layouts/application.html.erb (Duration: 1.3ms | Allocations: 551)
Completed 200 OK in 4ms (Views: 3.0ms | Allocations: 1459)


Started GET "/" for 127.0.0.1 at 2022-05-17 13:51:25 -0400
Processing by PagesController#welcome as HTML
  Rendering layout layouts/application.html.erb
  Rendering pages/welcome.html.erb within layouts/application
  Rendered pages/welcome.html.erb within layouts/application (Duration: 0.6ms | Allocations: 263)
  Rendered layout layouts/application.html.erb (Duration: 1.3ms | Allocations: 559)
Completed 200 OK in 4ms (Views: 3.4ms | Allocations: 1467)


Started GET "/" for 127.0.0.1 at 2022-05-17 13:51:40 -0400
Processing by PagesController#welcome as HTML
  Rendering layout layouts/application.html.erb
  Rendering pages/welcome.html.erb within layouts/application
  Rendered pages/welcome.html.erb within layouts/application (Duration: 0.7ms | Allocations: 251)
  Rendered layout layouts/application.html.erb (Duration: 1.4ms | Allocations: 547)
Completed 200 OK in 4ms (Views: 3.4ms | Allocations: 1455)


Started GET "/" for 127.0.0.1 at 2022-05-17 13:52:35 -0400
Processing by PagesController#welcome as HTML
  Rendering layout layouts/application.html.erb
  Rendering pages/welcome.html.erb within layouts/application
  Rendered pages/welcome.html.erb within layouts/application (Duration: 0.6ms | Allocations: 268)
  Rendered layout layouts/application.html.erb (Duration: 1.3ms | Allocations: 564)
Completed 200 OK in 13ms (Views: 12.1ms | Allocations: 1473)


Started GET "/" for 127.0.0.1 at 2022-05-17 13:53:16 -0400
Processing by PagesController#welcome as HTML
  Rendering layout layouts/application.html.erb
  Rendering pages/welcome.html.erb within layouts/application
  Rendered pages/welcome.html.erb within layouts/application (Duration: 0.6ms | Allocations: 266)
  Rendered layout layouts/application.html.erb (Duration: 1.5ms | Allocations: 562)
Completed 200 OK in 4ms (Views: 3.3ms | Allocations: 1471)


Started GET "/" for 127.0.0.1 at 2022-05-17 13:53:17 -0400
Processing by PagesController#welcome as HTML
  Rendering layout layouts/application.html.erb
  Rendering pages/welcome.html.erb within layouts/application
  Rendered pages/welcome.html.erb within layouts/application (Duration: 0.0ms | Allocations: 15)
  Rendered layout layouts/application.html.erb (Duration: 0.2ms | Allocations: 103)
Completed 200 OK in 1ms (Views: 0.7ms | Allocations: 353)


Started GET "/" for 127.0.0.1 at 2022-05-17 13:53:43 -0400
Processing by PagesController#welcome as HTML
  Rendering layout layouts/application.html.erb
  Rendering pages/welcome.html.erb within layouts/application
  Rendered pages/welcome.html.erb within layouts/application (Duration: 0.6ms | Allocations: 267)
  Rendered layout layouts/application.html.erb (Duration: 1.3ms | Allocations: 563)
Completed 200 OK in 4ms (Views: 2.9ms | Allocations: 1471)


Started GET "/" for 127.0.0.1 at 2022-05-17 13:53:57 -0400
Processing by PagesController#welcome as HTML
  Rendering layout layouts/application.html.erb
  Rendering pages/welcome.html.erb within layouts/application
  Rendered pages/welcome.html.erb within layouts/application (Duration: 0.5ms | Allocations: 271)
  Rendered layout layouts/application.html.erb (Duration: 1.2ms | Allocations: 567)
Completed 200 OK in 3ms (Views: 2.7ms | Allocations: 1475)


Started GET "/" for 127.0.0.1 at 2022-05-17 13:54:10 -0400
Processing by PagesController#welcome as HTML
  Rendering layout layouts/application.html.erb
  Rendering pages/welcome.html.erb within layouts/application
  Rendered pages/welcome.html.erb within layouts/application (Duration: 0.5ms | Allocations: 261)
  Rendered layout layouts/application.html.erb (Duration: 1.1ms | Allocations: 557)
Completed 200 OK in 4ms (Views: 2.8ms | Allocations: 1465)


Started GET "/" for 127.0.0.1 at 2022-05-17 14:06:08 -0400
Processing by PagesController#welcome as HTML
  Rendering layout layouts/application.html.erb
  Rendering pages/welcome.html.erb within layouts/application
  Rendered pages/welcome.html.erb within layouts/application (Duration: 0.5ms | Allocations: 265)
  Rendered layout layouts/application.html.erb (Duration: 1.4ms | Allocations: 561)
Completed 200 OK in 4ms (Views: 3.5ms | Allocations: 1469)


Started GET "/" for 127.0.0.1 at 2022-05-17 14:10:03 -0400
Processing by PagesController#welcome as HTML
  Rendering layout layouts/application.html.erb
  Rendering pages/welcome.html.erb within layouts/application
  Rendered pages/welcome.html.erb within layouts/application (Duration: 0.0ms | Allocations: 15)
  Rendered layout layouts/application.html.erb (Duration: 0.3ms | Allocations: 103)
Completed 200 OK in 1ms (Views: 0.6ms | Allocations: 353)


Started GET "/" for 127.0.0.1 at 2022-05-17 14:10:11 -0400
Processing by PagesController#welcome as HTML
  Rendering layout layouts/application.html.erb
  Rendering pages/welcome.html.erb within layouts/application
  Rendered pages/welcome.html.erb within layouts/application (Duration: 0.0ms | Allocations: 15)
  Rendered layout layouts/application.html.erb (Duration: 0.2ms | Allocations: 103)
Completed 200 OK in 1ms (Views: 0.6ms | Allocations: 352)


Started GET "/" for 127.0.0.1 at 2022-05-17 14:10:37 -0400
Processing by PagesController#welcome as HTML
  Rendering layout layouts/application.html.erb
  Rendering pages/welcome.html.erb within layouts/application
  Rendered pages/welcome.html.erb within layouts/application (Duration: 0.5ms | Allocations: 241)
  Rendered layout layouts/application.html.erb (Duration: 1.1ms | Allocations: 537)
Completed 200 OK in 3ms (Views: 2.7ms | Allocations: 1445)


Started GET "/" for 127.0.0.1 at 2022-05-17 14:10:41 -0400
Processing by PagesController#welcome as HTML
  Rendering layout layouts/application.html.erb
  Rendering pages/welcome.html.erb within layouts/application
  Rendered pages/welcome.html.erb within layouts/application (Duration: 0.6ms | Allocations: 259)
  Rendered layout layouts/application.html.erb (Duration: 1.2ms | Allocations: 555)
Completed 200 OK in 4ms (Views: 2.8ms | Allocations: 1463)


Started GET "/" for 127.0.0.1 at 2022-05-17 14:11:00 -0400
Processing by PagesController#welcome as HTML
  Rendering layout layouts/application.html.erb
  Rendering pages/welcome.html.erb within layouts/application
  Rendered pages/welcome.html.erb within layouts/application (Duration: 0.5ms | Allocations: 259)
  Rendered layout layouts/application.html.erb (Duration: 1.1ms | Allocations: 555)
Completed 200 OK in 4ms (Views: 2.8ms | Allocations: 1463)


Started GET "/" for 127.0.0.1 at 2022-05-17 14:11:35 -0400
Processing by PagesController#welcome as HTML
  Rendering layout layouts/application.html.erb
  Rendering pages/welcome.html.erb within layouts/application
  Rendered pages/welcome.html.erb within layouts/application (Duration: 0.5ms | Allocations: 253)
  Rendered layout layouts/application.html.erb (Duration: 1.0ms | Allocations: 549)
Completed 200 OK in 3ms (Views: 2.4ms | Allocations: 1457)


Started GET "/" for 127.0.0.1 at 2022-05-17 14:12:49 -0400
Processing by PagesController#welcome as HTML
  Rendering layout layouts/application.html.erb
  Rendering pages/welcome.html.erb within layouts/application
  Rendered pages/welcome.html.erb within layouts/application (Duration: 0.5ms | Allocations: 259)
  Rendered layout layouts/application.html.erb (Duration: 1.4ms | Allocations: 555)
Completed 200 OK in 5ms (Views: 3.6ms | Allocations: 1463)


Started GET "/" for 127.0.0.1 at 2022-05-17 14:13:19 -0400
Processing by PagesController#welcome as HTML
  Rendering layout layouts/application.html.erb
  Rendering pages/welcome.html.erb within layouts/application
  Rendered pages/welcome.html.erb within layouts/application (Duration: 0.5ms | Allocations: 271)
  Rendered layout layouts/application.html.erb (Duration: 1.1ms | Allocations: 567)
Completed 200 OK in 3ms (Views: 2.5ms | Allocations: 1475)


Started GET "/" for 127.0.0.1 at 2022-05-17 14:13:56 -0400
Processing by PagesController#welcome as HTML
  Rendering layout layouts/application.html.erb
  Rendering pages/welcome.html.erb within layouts/application
  Rendered pages/welcome.html.erb within layouts/application (Duration: 0.5ms | Allocations: 271)
  Rendered layout layouts/application.html.erb (Duration: 1.1ms | Allocations: 567)
Completed 200 OK in 3ms (Views: 2.6ms | Allocations: 1475)


Started GET "/" for 127.0.0.1 at 2022-05-17 14:14:51 -0400
Processing by PagesController#welcome as HTML
  Rendering layout layouts/application.html.erb
  Rendering pages/welcome.html.erb within layouts/application
  Rendered pages/welcome.html.erb within layouts/application (Duration: 0.5ms | Allocations: 287)
  Rendered layout layouts/application.html.erb (Duration: 1.1ms | Allocations: 583)
Completed 200 OK in 4ms (Views: 2.6ms | Allocations: 1491)


Started GET "/" for 127.0.0.1 at 2022-05-17 14:15:22 -0400
Processing by PagesController#welcome as HTML
  Rendering layout layouts/application.html.erb
  Rendering pages/welcome.html.erb within layouts/application
  Rendered pages/welcome.html.erb within layouts/application (Duration: 0.5ms | Allocations: 287)
  Rendered layout layouts/application.html.erb (Duration: 1.7ms | Allocations: 583)
Completed 200 OK in 5ms (Views: 4.1ms | Allocations: 1491)


Started GET "/" for 127.0.0.1 at 2022-05-17 14:16:37 -0400
Processing by PagesController#welcome as HTML
  Rendering layout layouts/application.html.erb
  Rendering pages/welcome.html.erb within layouts/application
  Rendered pages/welcome.html.erb within layouts/application (Duration: 0.6ms | Allocations: 290)
  Rendered layout layouts/application.html.erb (Duration: 1.6ms | Allocations: 586)
Completed 200 OK in 5ms (Views: 3.8ms | Allocations: 1495)


Started GET "/" for 127.0.0.1 at 2022-05-17 14:17:07 -0400
Processing by PagesController#welcome as HTML
  Rendering layout layouts/application.html.erb
  Rendering pages/welcome.html.erb within layouts/application
  Rendered pages/welcome.html.erb within layouts/application (Duration: 0.5ms | Allocations: 299)
  Rendered layout layouts/application.html.erb (Duration: 1.1ms | Allocations: 595)
Completed 200 OK in 3ms (Views: 2.6ms | Allocations: 1503)


Started GET "/" for 127.0.0.1 at 2022-05-17 14:17:23 -0400
Processing by PagesController#welcome as HTML
  Rendering layout layouts/application.html.erb
  Rendering pages/welcome.html.erb within layouts/application
  Rendered pages/welcome.html.erb within layouts/application (Duration: 0.0ms | Allocations: 15)
  Rendered layout layouts/application.html.erb (Duration: 0.2ms | Allocations: 103)
Completed 200 OK in 1ms (Views: 0.6ms | Allocations: 353)


Started GET "/" for 127.0.0.1 at 2022-05-17 14:17:57 -0400
Processing by PagesController#welcome as HTML
  Rendering layout layouts/application.html.erb
  Rendering pages/welcome.html.erb within layouts/application
  Rendered pages/welcome.html.erb within layouts/application (Duration: 0.6ms | Allocations: 302)
  Rendered layout layouts/application.html.erb (Duration: 1.2ms | Allocations: 598)
Completed 200 OK in 4ms (Views: 2.7ms | Allocations: 1506)


Started GET "/" for 127.0.0.1 at 2022-05-17 14:18:03 -0400
Processing by PagesController#welcome as HTML
  Rendering layout layouts/application.html.erb
  Rendering pages/welcome.html.erb within layouts/application
  Rendered pages/welcome.html.erb within layouts/application (Duration: 0.6ms | Allocations: 302)
  Rendered layout layouts/application.html.erb (Duration: 1.3ms | Allocations: 598)
Completed 200 OK in 4ms (Views: 3.2ms | Allocations: 1506)


Started GET "/" for 127.0.0.1 at 2022-05-17 14:18:11 -0400
Processing by PagesController#welcome as HTML
  Rendering layout layouts/application.html.erb
  Rendering pages/welcome.html.erb within layouts/application
  Rendered pages/welcome.html.erb within layouts/application (Duration: 0.6ms | Allocations: 302)
  Rendered layout layouts/application.html.erb (Duration: 1.2ms | Allocations: 598)
Completed 200 OK in 4ms (Views: 2.9ms | Allocations: 1506)


Started GET "/" for 127.0.0.1 at 2022-05-17 14:19:37 -0400
Processing by PagesController#welcome as HTML
  Rendering layout layouts/application.html.erb
  Rendering pages/welcome.html.erb within layouts/application
  Rendered pages/welcome.html.erb within layouts/application (Duration: 0.6ms | Allocations: 302)
  Rendered layout layouts/application.html.erb (Duration: 1.6ms | Allocations: 598)
Completed 200 OK in 5ms (Views: 4.0ms | Allocations: 1506)


Started GET "/" for 127.0.0.1 at 2022-05-17 14:21:19 -0400
Processing by PagesController#welcome as HTML
  Rendering layout layouts/application.html.erb
  Rendering pages/welcome.html.erb within layouts/application
  Rendered pages/welcome.html.erb within layouts/application (Duration: 0.6ms | Allocations: 302)
  Rendered layout layouts/application.html.erb (Duration: 1.5ms | Allocations: 598)
Completed 200 OK in 6ms (Views: 4.1ms | Allocations: 1506)


Started GET "/" for 127.0.0.1 at 2022-05-17 14:23:56 -0400
Processing by PagesController#welcome as HTML
  Rendering layout layouts/application.html.erb
  Rendering pages/welcome.html.erb within layouts/application
  Rendered pages/welcome.html.erb within layouts/application (Duration: 0.5ms | Allocations: 302)
  Rendered layout layouts/application.html.erb (Duration: 1.0ms | Allocations: 598)
Completed 200 OK in 4ms (Views: 3.2ms | Allocations: 1506)


Started GET "/" for 127.0.0.1 at 2022-05-17 14:28:11 -0400
Processing by PagesController#welcome as HTML
  Rendering layout layouts/application.html.erb
  Rendering pages/welcome.html.erb within layouts/application
  Rendered pages/welcome.html.erb within layouts/application (Duration: 0.5ms | Allocations: 292)
  Rendered layout layouts/application.html.erb (Duration: 1.5ms | Allocations: 588)
Completed 200 OK in 6ms (Views: 3.8ms | Allocations: 1496)


